<?xml version="1.0" encoding="UTF-8"?>
<testng-results ignored="0" total="1" passed="1" failed="0" skipped="0">
  <reporter-output>
  </reporter-output>
  <suite started-at="2025-07-04T21:31:12 IST" name="Default suite" finished-at="2025-07-04T21:31:38 IST" duration-ms="25807">
    <groups>
    </groups>
    <test started-at="2025-07-04T21:31:12 IST" name="Default test" finished-at="2025-07-04T21:31:38 IST" duration-ms="25807">
      <class name="testpackage.TestKhan">
        <test-method is-config="true" signature="setup()[pri:0, instance:testpackage.TestKhan@489115ef]" started-at="2025-07-04T21:31:12 IST" name="setup" finished-at="2025-07-04T21:31:20 IST" duration-ms="7112" status="PASS">
          <reporter-output>
          </reporter-output>
        </test-method> <!-- setup -->
        <test-method signature="loginClickTest()[pri:0, instance:testpackage.TestKhan@489115ef]" started-at="2025-07-04T21:31:20 IST" name="loginClickTest" finished-at="2025-07-04T21:31:38 IST" duration-ms="18554" status="PASS">
          <reporter-output>
          </reporter-output>
        </test-method> <!-- loginClickTest -->
      </class> <!-- testpackage.TestKhan -->
    </test> <!-- Default test -->
  </suite> <!-- Default suite -->
</testng-results>
